Build started 5/27/2011 11:31:42 PM.
     1>Project "C:\TextCore\Controls\DirectXControls.vcxproj" on node 2 (build target(s)).
     1>InitializeBuildStatus:
         Touching "Release\Controls.unsuccessfulbuild".
       GenerateTargetFrameworkMonikerAttribute:
       Skipping target "GenerateTargetFrameworkMonikerAttribute" because all output files are up-to-date with respect to the input files.
       ClCompile:
         All outputs are up-to-date.
         C:\Program Files (x86)\Microsoft Visual Studio 10.0\VC\bin\CL.exe /c /AI"C:\Program Files (x86)\Reference Assemblies\Microsoft\Framework\.NETFramework\v4.0" /Zi /clr /nologo /W3 /WX- /O2 /Oy- /GL /D WIN32 /D NDEBUG /D UNICODE /D _UNICODE /D _WINDLL /D _UNICODE /D UNICODE /EHa /MD /GS /fp:precise /Zc:wchar_t /Zc:forScope /Yu"StdAfx.h" /Fp"Release\Controls.pch" /Fo"Release\\" /Fd"Release\vc100.pdb" /TP /FU"C:\Program Files (x86)\Reference Assemblies\Microsoft\Framework\.NETFramework\v4.0\PresentationCore.dll" /FU"C:\Program Files (x86)\Reference Assemblies\Microsoft\Framework\.NETFramework\v4.0\PresentationFramework.dll" /FU"C:\Program Files (x86)\Reference Assemblies\Microsoft\Framework\.NETFramework\v4.0\System.Core.dll" /FU"C:\Program Files (x86)\Reference Assemblies\Microsoft\Framework\.NETFramework\v4.0\System.dll" /FU"C:\Program Files (x86)\Reference Assemblies\Microsoft\Framework\.NETFramework\v4.0\System.Drawing.dll" /FU"C:\Program Files (x86)\Reference Assemblies\Microsoft\Framework\.NETFramework\v4.0\System.Windows.Forms.dll" /FU"C:\Program Files (x86)\Reference Assemblies\Microsoft\Framework\.NETFramework\v4.0\WindowsBase.dll" /analyze- /errorReport:prompt RenderHost.cpp /clr:nostdlib 
         RenderHost.cpp
         All outputs are up-to-date.
     1>C:\Program Files (x86)\MSBuild\Microsoft.Cpp\v4.0\Microsoft.CppBuild.targets(990,5): warning MSB8012: TargetPath(C:\TextCore\Controls\Release\Controls.dll) does not match the Linker's OutputFile property value (C:\TextCore\Controls\Release\Microsoft.WindowsAPICodePack.DirectX.Controls.dll). This may cause your project to build incorrectly. To correct this, please make sure that $(OutDir), $(TargetName) and $(TargetExt) property values match the value specified in %(Link.OutputFile).
     1>C:\Program Files (x86)\MSBuild\Microsoft.Cpp\v4.0\Microsoft.CppBuild.targets(992,5): warning MSB8012: TargetName(Controls) does not match the Linker's OutputFile property value (Microsoft.WindowsAPICodePack.DirectX.Controls). This may cause your project to build incorrectly. To correct this, please make sure that $(OutDir), $(TargetName) and $(TargetExt) property values match the value specified in %(Link.OutputFile).
       Link:
         C:\Program Files (x86)\Microsoft Visual Studio 10.0\VC\bin\link.exe /ERRORREPORT:PROMPT /OUT:"C:\TextCore\Controls\Release\Microsoft.WindowsAPICodePack.DirectX.Controls.dll" /INCREMENTAL:NO /NOLOGO gdi32.lib user32.lib /MANIFEST /ManifestFile:"Release\Controls.dll.intermediate.manifest" /MANIFESTUAC:"level='asInvoker' uiAccess='false'" /DEBUG /PDB:"C:\TextCore\Controls\Release\Controls.pdb" /LTCG /TLBID:1 /DYNAMICBASE /FIXED:NO /NXCOMPAT /MACHINE:X86 /DLL Release\AssemblyInfo.obj
         Release\DirectControl.obj
         Release\DirectHost.obj
         Release\RenderControl.obj
         Release\RenderHost.obj
         Release\Stdafx.obj
         "Release\.NETFramework,Version=v4.0.AssemblyAttributes.obj"
         LINK : /LTCG specified but no code generation required; remove /LTCG from the link command line to improve linker performance
         DirectXControls.vcxproj -> C:\TextCore\Controls\Release\Controls.dll
       Manifest:
         C:\Program Files (x86)\Microsoft SDKs\Windows\v7.0A\bin\mt.exe /nologo /verbose /outputresource:"C:\TextCore\Controls\Release\Microsoft.WindowsAPICodePack.DirectX.Controls.dll;#2" /manifest Release\Controls.dll.intermediate.manifest
       FinalizeBuildStatus:
         Deleting file "Release\Controls.unsuccessfulbuild".
         Touching "Release\Controls.lastbuildstate".
     1>Done Building Project "C:\TextCore\Controls\DirectXControls.vcxproj" (build target(s)).

Build succeeded.

Time Elapsed 00:00:00.72
